Using pre-set license
Built from '2020.3/staging' branch; Version is '2020.3.9f1 (108be757e447) revision 1084391'; Using compiler version '192528614'; Build Type 'Release'
OS: 'Windows 10 Pro; OS build 19042.985; Version 2009; 64bit' Language: 'ru' Physical Memory: 16315 MB
BatchMode: 1, IsHumanControllingUs: 0, StartBugReporterOnCrash: 0, Is64bit: 1, IsPro: 0

 COMMAND LINE ARGUMENTS:
C:\Program Files\Unity\Hub\Editor\2020.3.9f1\Editor\Unity.exe
-adb2
-batchMode
-noUpm
-name
AssetImportWorker0
-projectPath
D:/Projects/Rangefinder
-logFile
Logs/AssetImportWorker0.log
-srvPort
59896
Successfully changed project path to: D:/Projects/Rangefinder
D:/Projects/Rangefinder
Using Asset Import Pipeline V2.
Refreshing native plugins compatible for Editor in 26.35 ms, found 0 plugins.
Preloading 0 native plugins for Editor in 0.00 ms.
Initialize engine version: 2020.3.9f1 (108be757e447)
[Subsystems] Discovering subsystems at path C:/Program Files/Unity/Hub/Editor/2020.3.9f1/Editor/Data/Resources/UnitySubsystems
[Subsystems] Discovering subsystems at path D:/Projects/Rangefinder/Assets
GfxDevice: creating device client; threaded=0
Direct3D:
    Version:  Direct3D 11.0 [level 11.1]
    Renderer: NVIDIA GeForce GTX 1060 3GB (ID=0x1c02)
    Vendor:   
    VRAM:     2988 MB
    Driver:   27.21.14.6627
Initialize mono
Mono path[0] = 'C:/Program Files/Unity/Hub/Editor/2020.3.9f1/Editor/Data/Managed'
Mono path[1] = 'C:/Program Files/Unity/Hub/Editor/2020.3.9f1/Editor/Data/MonoBleedingEdge/lib/mono/unityjit'
Mono config path = 'C:/Program Files/Unity/Hub/Editor/2020.3.9f1/Editor/Data/MonoBleedingEdge/etc'
Using monoOptions --debugger-agent=transport=dt_socket,embedding=1,server=y,suspend=n,address=127.0.0.1:56424
Begin MonoManager ReloadAssembly
Registering precompiled unity dll's ...
Register platform support module: C:/Program Files/Unity/Hub/Editor/2020.3.9f1/Editor/Data/PlaybackEngines/WindowsStandaloneSupport/UnityEditor.WindowsStandalone.Extensions.dll
Registered in 0.025794 seconds.
Native extension for WindowsStandalone target not found
Refreshing native plugins compatible for Editor in 25.68 ms, found 0 plugins.
Preloading 0 native plugins for Editor in 0.00 ms.
Mono: successfully reloaded assembly
- Completed reload, in  1.425 seconds
Platform modules already initialized, skipping
Registering precompiled user dll's ...
Registered in 0.041606 seconds.
Begin MonoManager ReloadAssembly
Native extension for WindowsStandalone target not found
Refreshing native plugins compatible for Editor in 0.33 ms, found 0 plugins.
Preloading 0 native plugins for Editor in 0.00 ms.
Mono: successfully reloaded assembly
- Completed reload, in  1.941 seconds
Platform modules already initialized, skipping
========================================================================
Worker process is ready to serve import requests
Launched and connected shader compiler UnityShaderCompiler.exe after 0.06 seconds
Refreshing native plugins compatible for Editor in 0.24 ms, found 0 plugins.
Preloading 0 native plugins for Editor in 0.00 ms.
Unloading 1123 Unused Serialized files (Serialized files now loaded: 0)
System memory in use before: 57.4 MB.
System memory in use after: 57.5 MB.

Unloading 13 unused Assets to reduce memory usage. Loaded Objects now: 1562.
Total: 1.993000 ms (FindLiveObjects: 0.166900 ms CreateObjectMapping: 0.031200 ms MarkObjects: 1.701200 ms  DeleteObjects: 0.091600 ms)

========================================================================
Received Import Request.
  path: Assets/Scripts/Luch/Luchs.cs
  artifactKey: Guid(e4d85bb09e0dbd24ab4e298e1347da6f) Importer(815301076,1909f56bfc062723c751e8b465ee728b)
Start importing Assets/Scripts/Luch/Luchs.cs using Guid(e4d85bb09e0dbd24ab4e298e1347da6f) Importer(815301076,1909f56bfc062723c751e8b465ee728b)  -> (artifact id: 'e4d5c46bcd296db55742784af460dfdf') in 0.259235 seconds
  Import took 0.613867 seconds .

========================================================================
Received Prepare
Registering precompiled user dll's ...
Registered in 0.002105 seconds.
Begin MonoManager ReloadAssembly
Native extension for WindowsStandalone target not found
Refreshing native plugins compatible for Editor in 0.26 ms, found 0 plugins.
Preloading 0 native plugins for Editor in 0.00 ms.
Mono: successfully reloaded assembly
- Completed reload, in  0.930 seconds
Platform modules already initialized, skipping
Refreshing native plugins compatible for Editor in 0.26 ms, found 0 plugins.
Preloading 0 native plugins for Editor in 0.00 ms.
Unloading 1118 Unused Serialized files (Serialized files now loaded: 0)
System memory in use before: 57.3 MB.
System memory in use after: 57.4 MB.

Unloading 8 unused Assets to reduce memory usage. Loaded Objects now: 1565.
Total: 1.761200 ms (FindLiveObjects: 0.139000 ms CreateObjectMapping: 0.030300 ms MarkObjects: 1.531500 ms  DeleteObjects: 0.059300 ms)

========================================================================
Received Import Request.
  Time since last request: 405.991228 seconds.
  path: Assets/Scripts/Luch/Luchs.cs
  artifactKey: Guid(e4d85bb09e0dbd24ab4e298e1347da6f) Importer(815301076,1909f56bfc062723c751e8b465ee728b)
Start importing Assets/Scripts/Luch/Luchs.cs using Guid(e4d85bb09e0dbd24ab4e298e1347da6f) Importer(815301076,1909f56bfc062723c751e8b465ee728b)  -> (artifact id: '7a67274033664c5f10ce3bcfc675df9e') in 0.005392 seconds
  Import took 0.013557 seconds .

========================================================================
Received Import Request.
  Time since last request: 0.267763 seconds.
  path: Assets/Scripts/Luch/Luchs.cs
  artifactKey: Guid(e4d85bb09e0dbd24ab4e298e1347da6f) Importer(815301076,1909f56bfc062723c751e8b465ee728b)
Start importing Assets/Scripts/Luch/Luchs.cs using Guid(e4d85bb09e0dbd24ab4e298e1347da6f) Importer(815301076,1909f56bfc062723c751e8b465ee728b)  -> (artifact id: '7a67274033664c5f10ce3bcfc675df9e') in 0.002947 seconds
  Import took 0.009553 seconds .

========================================================================
Received Prepare
Registering precompiled user dll's ...
Registered in 0.001806 seconds.
Begin MonoManager ReloadAssembly
Native extension for WindowsStandalone target not found
Refreshing native plugins compatible for Editor in 0.26 ms, found 0 plugins.
Preloading 0 native plugins for Editor in 0.00 ms.
Mono: successfully reloaded assembly
- Completed reload, in  0.979 seconds
Platform modules already initialized, skipping
Refreshing native plugins compatible for Editor in 0.35 ms, found 0 plugins.
Preloading 0 native plugins for Editor in 0.00 ms.
Unloading 1118 Unused Serialized files (Serialized files now loaded: 0)
System memory in use before: 57.4 MB.
System memory in use after: 57.4 MB.

Unloading 8 unused Assets to reduce memory usage. Loaded Objects now: 1568.
Total: 1.937300 ms (FindLiveObjects: 0.177200 ms CreateObjectMapping: 0.031400 ms MarkObjects: 1.663600 ms  DeleteObjects: 0.063400 ms)

AssetImportWorkerClient::OnTransportError - code=2 error=End of file
